# JRE version: OpenJDK Runtime Environment AdoptOpenJDK (15.0.2+7) (build 15.0.2+7)
# Java VM: OpenJDK 64-Bit Server VM AdoptOpenJDK (15.0.2+7, mixed mode, sharing, tiered, compressed oops, g1 gc, bsd-amd64)
GC Precious Log:
 CPUs: 8 total, 8 available
 Memory: 32768M
 Large Page Support: Disabled
 NUMA Support: Disabled
 Compressed Oops: Enabled (Zero based)
 Heap Region Size: 4M
 Heap Min Capacity: 8M
 Heap Initial Capacity: 512M
 Heap Max Capacity: 8G
 Pre-touch: Disabled
 Parallel Workers: 8
 Concurrent Workers: 2
 Concurrent Refinement Workers: 8
 Periodic GC: Disabled
Heap:
 garbage-first heap   total 344064K, used 95950K [0x0000000600000000, 0x0000000800000000)
  region size 4096K, 3 young (12288K), 1 survivors (4096K)
 Metaspace       used 20779K, capacity 21086K, committed 21552K, reserved 1069056K
  class space    used 2759K, capacity 2874K, committed 2944K, reserved 1048576K
GC Heap History (10 events):
Event: 1.032 GC heap before
{Heap before GC invocations=0 (full 0):
 garbage-first heap   total 532480K, used 28456K [0x0000000600000000, 0x0000000800000000)
  region size 4096K, 6 young (24576K), 0 survivors (0K)
 Metaspace       used 6767K, capacity 8521K, committed 8704K, reserved 1056768K
  class space    used 824K, capacity 1001K, committed 1024K, reserved 1048576K
}
Event: 1.038 GC heap after
{Heap after GC invocations=1 (full 0):
 garbage-first heap   total 532480K, used 6887K [0x0000000600000000, 0x0000000800000000)
  region size 4096K, 1 young (4096K), 1 survivors (4096K)
 Metaspace       used 6767K, capacity 8521K, committed 8704K, reserved 1056768K
  class space    used 824K, capacity 1001K, committed 1024K, reserved 1048576K
}
Event: 2.050 GC heap before
{Heap before GC invocations=1 (full 0):
 garbage-first heap   total 532480K, used 64231K [0x0000000600000000, 0x0000000800000000)
  region size 4096K, 15 young (61440K), 1 survivors (4096K)
 Metaspace       used 10674K, capacity 11252K, committed 11520K, reserved 1058816K
  class space    used 1409K, capacity 1461K, committed 1536K, reserved 1048576K
}
Event: 2.067 GC heap after
{Heap after GC invocations=2 (full 0):
 garbage-first heap   total 532480K, used 23650K [0x0000000600000000, 0x0000000800000000)
  region size 4096K, 2 young (8192K), 2 survivors (8192K)
 Metaspace       used 10674K, capacity 11252K, committed 11520K, reserved 1058816K
  class space    used 1409K, capacity 1461K, committed 1536K, reserved 1048576K
}
Event: 2.207 GC heap before
{Heap before GC invocations=2 (full 0):
 garbage-first heap   total 532480K, used 40034K [0x0000000600000000, 0x0000000800000000)
  region size 4096K, 6 young (24576K), 2 survivors (8192K)
 Metaspace       used 10677K, capacity 11252K, committed 11520K, reserved 1058816K
  class space    used 1409K, capacity 1461K, committed 1536K, reserved 1048576K
}
Event: 2.221 GC heap after
{Heap after GC invocations=3 (full 0):
 garbage-first heap   total 532480K, used 30162K [0x0000000600000000, 0x0000000800000000)
  region size 4096K, 1 young (4096K), 1 survivors (4096K)
 Metaspace       used 10677K, capacity 11252K, committed 11520K, reserved 1058816K
  class space    used 1409K, capacity 1461K, committed 1536K, reserved 1048576K
}
Event: 3.816 GC heap before
{Heap before GC invocations=3 (full 0):
 garbage-first heap   total 532480K, used 124370K [0x0000000600000000, 0x0000000800000000)
  region size 4096K, 16 young (65536K), 1 survivors (4096K)
 Metaspace       used 16773K, capacity 17008K, committed 17280K, reserved 1064960K
  class space    used 2325K, capacity 2411K, committed 2432K, reserved 1048576K
}
Event: 3.827 GC heap after
{Heap after GC invocations=4 (full 0):
 garbage-first heap   total 532480K, used 83420K [0x0000000600000000, 0x0000000800000000)
  region size 4096K, 2 young (8192K), 2 survivors (8192K)
 Metaspace       used 16773K, capacity 17008K, committed 17280K, reserved 1064960K
  class space    used 2325K, capacity 2411K, committed 2432K, reserved 1048576K
}
Event: 197.250 GC heap before
{Heap before GC invocations=4 (full 0):
 garbage-first heap   total 532480K, used 132572K [0x0000000600000000, 0x0000000800000000)
  region size 4096K, 15 young (61440K), 2 survivors (8192K)
 Metaspace       used 20724K, capacity 21022K, committed 21296K, reserved 1067008K
  class space    used 2759K, capacity 2874K, committed 2944K, reserved 1048576K
}
Event: 197.258 GC heap after
{Heap after GC invocations=5 (full 0):
 garbage-first heap   total 532480K, used 91854K [0x0000000600000000, 0x0000000800000000)
  region size 4096K, 1 young (4096K), 1 survivors (4096K)
 Metaspace       used 20724K, capacity 21022K, committed 21296K, reserved 1067008K
  class space    used 2759K, capacity 2874K, committed 2944K, reserved 1048576K
}

